\BOOKMARK [0][-]{chapter.1}{Novel algorithms for improved sensitivity in NIPT}{}% 1
\BOOKMARK [1][-]{section.1.1}{Introduction}{chapter.1}% 2
\BOOKMARK [1][-]{section.1.2}{Material and Methods}{chapter.1}% 3
\BOOKMARK [2][-]{subsection.1.2.1}{Chi-squared-based variation reduction}{section.1.2}% 4
\BOOKMARK [2][-]{subsection.1.2.2}{Regression-based Z-score}{section.1.2}% 5
\BOOKMARK [2][-]{subsection.1.2.3}{Match QC score}{section.1.2}% 6
\BOOKMARK [2][-]{subsection.1.2.4}{Validation of algorithms}{section.1.2}% 7
\BOOKMARK [1][-]{section.1.3}{Results}{chapter.1}% 8
\BOOKMARK [2][-]{subsection.1.3.1}{Effect of peak correction}{section.1.3}% 9
\BOOKMARK [2][-]{subsection.1.3.2}{Effects of the two GC correction methods}{section.1.3}% 10
\BOOKMARK [2][-]{subsection.1.3.3}{Effect of chi-squared-based variation reduction}{section.1.3}% 11
\BOOKMARK [2][-]{subsection.1.3.4}{Effect of trisomy prediction algorithms}{section.1.3}% 12
\BOOKMARK [2][-]{subsection.1.3.5}{Match QC score}{section.1.3}% 13
\BOOKMARK [1][-]{section.1.4}{Discussion}{chapter.1}% 14
\BOOKMARK [1][-]{section.1.5}{Acknowledgments}{chapter.1}% 15
\BOOKMARK [1][-]{section.1.6}{Supplementary material}{chapter.1}% 16
\BOOKMARK [1][-]{section.1.7}{Supplement 1: Example of chi-squared based variation reduction for chromosome 21}{chapter.1}% 17
\BOOKMARK [1][-]{section.1.8}{Supplement 3: Example of regression model for chromosome 13}{chapter.1}% 18
\BOOKMARK [0][-]{section*.29}{Bibliography}{}% 19
\BOOKMARK [0][-]{section*.30}{List of Tables}{}% 20
\BOOKMARK [0][-]{section*.31}{List of Figures}{}% 21
